<?xml version="1.0" encoding="UTF-8"?>
<testng-results skipped="0" failed="0" total="1" passed="1">
  <reporter-output>
  </reporter-output>
  <suite name="Suite" duration-ms="30541" started-at="2018-02-28T20:16:32Z" finished-at="2018-02-28T20:17:03Z">
    <groups>
    </groups>
    <test name="Test" duration-ms="30541" started-at="2018-02-28T20:16:32Z" finished-at="2018-02-28T20:17:03Z">
      <class name="com.crm.qa.testcases.HomePageTest">
        <test-method status="PASS" signature="setup()[pri:0, instance:com.crm.qa.testcases.HomePageTest@46d56d67]" name="setup" is-config="true" duration-ms="23626" started-at="2018-02-28T15:16:32Z" finished-at="2018-02-28T15:16:56Z">
          <reporter-output>
          </reporter-output>
        </test-method> <!-- setup -->
        <test-method status="PASS" signature="CalenderHomeselection()[pri:0, instance:com.crm.qa.testcases.HomePageTest@46d56d67]" name="CalenderHomeselection" duration-ms="6870" started-at="2018-02-28T15:16:56Z" finished-at="2018-02-28T15:17:03Z">
          <reporter-output>
          </reporter-output>
        </test-method> <!-- CalenderHomeselection -->
      </class> <!-- com.crm.qa.testcases.HomePageTest -->
    </test> <!-- Test -->
  </suite> <!-- Suite -->
</testng-results>
